<?xml version="1.0" encoding="UTF-8"?>
<!-- Generated by org.testng.reporters.JUnitReportReporter -->
<testsuite name="com.kayak.testrunner.TestRunner" tests="1" time="19.139" ignored="0" failures="0" timestamp="31 Jul 2020 05:13:33 GMT" skipped="0" hostname="LAPTOP-DQ25KTNT" errors="0">
  <testcase name="feature" time="19.139" classname="com.kayak.testrunner.TestRunner"/>
</testsuite> <!-- com.kayak.testrunner.TestRunner -->
